<?xml version="1.0" encoding="UTF-8"?>
<!-- Generated by org.testng.reporters.JUnitXMLReporter -->
<testsuite ignored="0" hostname="Enthrall_IT" failures="0" tests="2" name="Default test" time="60.246" errors="0" timestamp="2022-05-05T20:20:39 EDT">
  <testcase classname="lec39_java_selenium_methods.E03_use_of_sendKeys_method_and_click_by_enter_key_and_then_clear" name="searchingProductTest01" time="33.577"/>
  <testcase classname="lec39_java_selenium_methods.E03_use_of_sendKeys_method_and_click_by_enter_key_and_then_clear" name="searchingProductTest02" time="23.838"/>
</testsuite> <!-- Default test -->
