<?xml version="1.0" encoding="UTF-8"?>
<!-- Generated by org.testng.reporters.JUnitXMLReporter -->
<testsuite ignored="1" hostname="Enthrall_IT" failures="0" tests="3" name="Default test" time="34.675" errors="0" timestamp="2022-03-22T22:55:18 EDT">
  <testcase classname="lec35_java_selenium_methods.H01_use_of_mouse_hover_action" name="mouseHoverActionOnAboutUs" time="8.197"/>
  <testcase classname="lec35_java_selenium_methods.H01_use_of_mouse_hover_action" name="mouseHoverActionOnAboutUs" time="8.189"/>
  <testcase classname="lec35_java_selenium_methods.H01_use_of_mouse_hover_action" name="mouseHoverActionOnAboutUs" time="8.178"/>
  <testcase classname="lec35_java_selenium_methods.H01_use_of_mouse_hover_action" name="mouseHoverActionOnOurLocations" time="0.0">
    <ignored/>
  </testcase> <!-- mouseHoverActionOnOurLocations -->
</testsuite> <!-- Default test -->
