<?xml version="1.0" encoding="UTF-8"?>
<testng-results ignored="0" total="1" passed="1" failed="0" skipped="0">
  <reporter-output>
  </reporter-output>
  <suite started-at="2022-03-27T22:59:25 EDT" name="Default suite" finished-at="2022-03-27T22:59:33 EDT" duration-ms="7956">
    <groups>
    </groups>
    <test started-at="2022-03-27T22:59:25 EDT" name="Default test" finished-at="2022-03-27T22:59:33 EDT" duration-ms="7956">
      <class name="lec37_java_selenium_methods.K06_authenticationPopUp">
        <test-method is-config="true" signature="setUp()[pri:0, instance:lec37_java_selenium_methods.K06_authenticationPopUp@957e06]" started-at="2022-03-27T22:59:25 EDT" name="setUp" finished-at="2022-03-27T22:59:27 EDT" duration-ms="2742" status="PASS">
          <reporter-output>
          </reporter-output>
        </test-method> <!-- setUp -->
        <test-method signature="authenticationPopUpTest()[pri:1, instance:lec37_java_selenium_methods.K06_authenticationPopUp@957e06]" started-at="2022-03-27T22:59:27 EDT" name="authenticationPopUpTest" finished-at="2022-03-27T22:59:32 EDT" duration-ms="5037" status="PASS">
          <reporter-output>
          </reporter-output>
        </test-method> <!-- authenticationPopUpTest -->
        <test-method is-config="true" signature="tearUp()[pri:0, instance:lec37_java_selenium_methods.K06_authenticationPopUp@957e06]" started-at="2022-03-27T22:59:32 EDT" name="tearUp" finished-at="2022-03-27T22:59:33 EDT" duration-ms="137" status="PASS">
          <reporter-output>
          </reporter-output>
        </test-method> <!-- tearUp -->
      </class> <!-- lec37_java_selenium_methods.K06_authenticationPopUp -->
    </test> <!-- Default test -->
  </suite> <!-- Default suite -->
</testng-results>
