<?xml version="1.0" encoding="UTF-8"?>
<testng-results ignored="0" total="1" passed="1" failed="0" skipped="0">
  <reporter-output>
  </reporter-output>
  <suite started-at="2022-03-15T22:52:07 EDT" name="Default suite" finished-at="2022-03-15T22:52:21 EDT" duration-ms="14032">
    <groups>
    </groups>
    <test started-at="2022-03-15T22:52:07 EDT" name="Default test" finished-at="2022-03-15T22:52:21 EDT" duration-ms="14032">
      <class name="lec31_java_selenium_methods.B08_use_of_click_method_by_cssSelector_locator_using_id">
        <test-method is-config="true" signature="setUp()[pri:0, instance:lec31_java_selenium_methods.B08_use_of_click_method_by_cssSelector_locator_using_id@1162410a]" started-at="2022-03-15T22:52:07 EDT" name="setUp" finished-at="2022-03-15T22:52:16 EDT" duration-ms="8716" status="PASS">
          <reporter-output>
          </reporter-output>
        </test-method> <!-- setUp -->
        <test-method signature="loginButtonTest()[pri:0, instance:lec31_java_selenium_methods.B08_use_of_click_method_by_cssSelector_locator_using_id@1162410a]" started-at="2022-03-15T22:52:16 EDT" name="loginButtonTest" finished-at="2022-03-15T22:52:21 EDT" duration-ms="5100" status="PASS">
          <reporter-output>
          </reporter-output>
        </test-method> <!-- loginButtonTest -->
        <test-method is-config="true" signature="tearUp()[pri:0, instance:lec31_java_selenium_methods.B08_use_of_click_method_by_cssSelector_locator_using_id@1162410a]" started-at="2022-03-15T22:52:21 EDT" name="tearUp" finished-at="2022-03-15T22:52:21 EDT" duration-ms="164" status="PASS">
          <reporter-output>
          </reporter-output>
        </test-method> <!-- tearUp -->
      </class> <!-- lec31_java_selenium_methods.B08_use_of_click_method_by_cssSelector_locator_using_id -->
    </test> <!-- Default test -->
  </suite> <!-- Default suite -->
</testng-results>
